Arguments: 
  C:\Program Files\nodejs\node.exe C:\Program Files (x86)\Yarn\bin\yarn.js add riimraf

PATH: 
  C:\Python38\Scripts\;C:\Python38\;C:\Program Files (x86)\Common Files\Oracle\Java\javapath;C:\Program Files (x86)\EasyPHP-DevServer-13.1VC11\binaries\php\php_runningversion;C:\ProgramData\Oracle\Java\javapath;C:\Program Files (x86)\Intel\iCLS Client\;C:\Program Files\Intel\iCLS Client\;C:\WINDOWS\system32;C:\WINDOWS;C:\WINDOWS\System32\Wbem;C:\WINDOWS\System32\WindowsPowerShell\v1.0\;C:\Program Files (x86)\Intel\Intel(R) Management Engine Components\DAL;C:\Program Files\Intel\Intel(R) Management Engine Components\DAL;C:\Program Files (x86)\Intel\Intel(R) Management Engine Components\IPT;C:\Program Files\Intel\Intel(R) Management Engine Components\IPT;C:\Program Files (x86)\GtkSharp\2.12\bin;C:\Program Files\dotnet\;C:\Program Files\Microsoft SQL Server\130\Tools\Binn\;C:\WINDOWS\System32\OpenSSH\;C:\ProgramData\ComposerSetup\bin;C:\wamp64\bin\php\php5.6.40;C:\Program Files\Microsoft VS Code\bin;C:\Program Files\Java\jdk1.8.0_151\bin;C:\Program Files (x86)\Microsoft SQL Server\Client SDK\ODBC\130\Tools\Binn\;C:\Program Files (x86)\Microsoft SQL Server\140\Tools\Binn\;C:\Program Files (x86)\Microsoft SQL Server\140\DTS\Binn\;C:\Program Files (x86)\Microsoft SQL Server\140\Tools\Binn\ManagementStudio\;%ANDROID_HOME%\platform-tools;%ANDROID_HOME%\tools;C:\ProgramData\chocolatey\bin;C:\Program Files\erl10.3\bin;C:\Program Files (x86)\Elixir\bin;C:\WINDOWS\system32\config\systemprofile\.mix\escripts;C:\Go\bin;C:\Program Files\Git\cmd;C:\src\flutter\bin;C:\Android\sdk\tools;C:\Program Files\nodejs\;C:\Program Files (x86)\Yarn\bin\;C:\Users\Development\AppData\Local\Programs\Python\Python37\Scripts\;C:\Users\Development\AppData\Local\Programs\Python\Python37\;C:\Users\Development\AppData\Local\Microsoft\WindowsApps;%ANDROID_HOME%\platform-tools;%ANDROID_HOME%\tools;%node_modules%\.bin;C:\Program Files\heroku\bin;C:\Users\Development\go\bin;C:\Program Files\Docker Toolbox;C:\Program Files\Docker Toolbox;C:\Android\sdk\tools;C:\Users\Development\AppData\Roaming\npm;C:\Users\Development\AppData\Local\Yarn\bin

Yarn version: 
  1.22.15

Node version: 
  16.13.2

Platform: 
  win32 x64

Trace: 
  Error: https://registry.npmjs.org/riimraf: Not found
      at Request.params.callback [as _callback] (C:\Program Files (x86)\Yarn\lib\cli.js:66140:18)
      at Request.self.callback (C:\Program Files (x86)\Yarn\lib\cli.js:140885:22)
      at Request.emit (node:events:390:28)
      at Request.<anonymous> (C:\Program Files (x86)\Yarn\lib\cli.js:141857:10)
      at Request.emit (node:events:390:28)
      at IncomingMessage.<anonymous> (C:\Program Files (x86)\Yarn\lib\cli.js:141779:12)
      at Object.onceWrapper (node:events:509:28)
      at IncomingMessage.emit (node:events:402:35)
      at endReadableNT (node:internal/streams/readable:1343:12)
      at processTicksAndRejections (node:internal/process/task_queues:83:21)

npm manifest: 
  {
    "private": false,
    "name": "@netuno-ui/system",
    "version": "1.0.0",
    "description": "",
    "files": [
      "dist"
    ],
    
    "main": "dist/index.js",
    "module": "dist/system.esm.js",
    "types": "dist/index.d.ts",
    "typings": "dist/index.d.ts",
    "dependencies": {
      "js-tokens": "^4.0.0",
      "loose-envify": "^1.4.0",
      "scheduler": "^0.20.2",
      "react-dom": "^17.0.2",
      "object-assign": "^4.1.1",
      "react": "^17.0.2",
      "typescript": "^4.5.5"
    },
    
    "devDependencies": {},
    "scripts": {
      "build": "tsdx build --tsconfig tsconfig.build.json",
      "test": "jest --passWithNoTests",
      "prepublish": "npm run build"
    },
    "repository": {
      "type": "git",
      "url": "git+https://github.com/seaclax/netuno.git"
    },
    "publishConfig": {
      "registry": "https://registry.npmjs.org/",
      "access": "public"
    },
    "keywords": [],
    "author": "Gabriel Melo <gabriel@seaclax.com>",
    "license": "MIT",
    "bugs": {
      "url": "https://github.com/seaclax/netuno/issues"
    },
    "homepage": "https://github.com/seaclax/netuno#readme"
  }

yarn manifest: 
  No manifest

Lockfile: 
  # THIS IS AN AUTOGENERATED FILE. DO NOT EDIT THIS FILE DIRECTLY.
  # yarn lockfile v1
  
  
  "js-tokens@^3.0.0 || ^4.0.0":
    version "4.0.0"
    resolved "https://registry.yarnpkg.com/js-tokens/-/js-tokens-4.0.0.tgz#19203fb59991df98e3a287050d4647cdeaf32499"
    integrity sha512-RdJUflcE3cUzKiMqQgsCu06FPu9UdIJO0beYbPhHN4k6apgJtifcoCtT9bcxOpYBtpD2kCM6Sbzg4CausW/PKQ==
  
  loose-envify@^1.1.0:
    version "1.4.0"
    resolved "https://registry.yarnpkg.com/loose-envify/-/loose-envify-1.4.0.tgz#71ee51fa7be4caec1a63839f7e682d8132d30caf"
    integrity sha512-lyuxPGr/Wfhrlem2CL/UcnUc1zcqKAImBDzukY7Y5F/yQiNdko6+fRLevlw1HgMySw7f611UIY408EtxRSoK3Q==
    dependencies:
      js-tokens "^3.0.0 || ^4.0.0"
  
  object-assign@^4.1.1:
    version "4.1.1"
    resolved "https://registry.yarnpkg.com/object-assign/-/object-assign-4.1.1.tgz#2109adc7965887cfc05cbbd442cac8bfbb360863"
    integrity sha1-IQmtx5ZYh8/AXLvUQsrIv7s2CGM=
  
  react-dom@^17.0.2:
    version "17.0.2"
    resolved "https://registry.yarnpkg.com/react-dom/-/react-dom-17.0.2.tgz#ecffb6845e3ad8dbfcdc498f0d0a939736502c23"
    integrity sha512-s4h96KtLDUQlsENhMn1ar8t2bEa+q/YAtj8pPPdIjPDGBDIVNsrD9aXNWqspUe6AzKCIG0C1HZZLqLV7qpOBGA==
    dependencies:
      loose-envify "^1.1.0"
      object-assign "^4.1.1"
      scheduler "^0.20.2"
  
  react@^17.0.2:
    version "17.0.2"
    resolved "https://registry.yarnpkg.com/react/-/react-17.0.2.tgz#d0b5cc516d29eb3eee383f75b62864cfb6800037"
    integrity sha512-gnhPt75i/dq/z3/6q/0asP78D0u592D5L1pd7M8P+dck6Fu/jJeL6iVVK23fptSUZj8Vjf++7wXA8UNclGQcbA==
    dependencies:
      loose-envify "^1.1.0"
      object-assign "^4.1.1"
  
  scheduler@^0.20.2:
    version "0.20.2"
    resolved "https://registry.yarnpkg.com/scheduler/-/scheduler-0.20.2.tgz#4baee39436e34aa93b4874bddcbf0fe8b8b50e91"
    integrity sha512-2eWfGgAqqWFGqtdMmcL5zCMK1U8KlXv8SQFGglL3CEtd0aDVDWgeF/YoCmvln55m5zSk3J/20hTaSBeSObsQDQ==
    dependencies:
      loose-envify "^1.1.0"
      object-assign "^4.1.1"
  
  typescript@^4.5.5:
    version "4.5.5"
    resolved "https://registry.yarnpkg.com/typescript/-/typescript-4.5.5.tgz#d8c953832d28924a9e3d37c73d729c846c5896f3"
    integrity sha512-TCTIul70LyWe6IJWT8QSYeA54WQe8EjQFU4wY52Fasj5UKx88LNYKCgBEHcOMOrFF1rKGbD8v/xcNWVUq9SymA==
